2018-09-04 15:19:36 INFO: Start to select browser name from properties file
2018-09-04 15:19:36 INFO: Your had select test browser type is: Chrome
2018-09-04 15:19:36 INFO: The test server URL is: https://www.longjubank.com
2018-09-04 15:19:40 INFO: Loading and opening Chrome ...
2018-09-04 15:19:43 INFO: Open URL: https://www.longjubank.com
2018-09-04 15:19:43 INFO: Wait for 5 seconds.
2018-09-04 15:19:43 INFO: 进入龙驹带首页...
2018-09-04 15:19:43 ERROR: 测试两个字符是否相同: expected [欢迎来到龙驹贷] but found [欢迎来到龙驹贷！].
2018-09-04 15:19:44 INFO: [[ChromeDriver: chrome on XP (41c1188eb33d894ac72fbe64249cab84)] -> xpath: /html/body/div[2]/ul/li[2]/a]元素在当前页面显示.
2018-09-04 15:19:50 INFO: 点击页面元素:Proxy element for: DefaultElementLocator 'By.xpath: /html/body/div[2]/ul/li[2]/a'
2018-09-04 15:19:50 INFO: 进入信息披露页面...
2018-09-04 15:19:50 INFO: 当前页面Url:https://stat.longjubank.com/html/Information/platformInfor/CompanyIntro.html
2018-09-04 15:19:50 INFO: https://stat.longjubank.com/html/Information/platformInfor/CompanyIntro.html,数据验证通过
2018-09-04 15:19:51 INFO: 点击页面元素:[[ChromeDriver: chrome on XP (41c1188eb33d894ac72fbe64249cab84)] -> link text: 荣誉资质]
2018-09-04 15:19:51 INFO: 进入荣誉资质并验证是否正确
2018-09-04 15:19:51 INFO: 当前页面Url:https://stat.longjubank.com/html/Information/platformInfor/honor.html
2018-09-04 15:19:51 INFO: https://stat.longjubank.com/html/Information/platformInfor/honor.html,数据验证通过
2018-09-04 15:19:51 INFO: 点击页面元素:[[ChromeDriver: chrome on XP (41c1188eb33d894ac72fbe64249cab84)] -> link text: 公司简介]
2018-09-04 15:19:51 INFO: 进入公司简介并验证是否正确
2018-09-04 15:19:51 INFO: 当前页面Url:https://stat.longjubank.com/html/Information/platformInfor/CompanyIntro.html
2018-09-04 15:19:51 INFO: https://stat.longjubank.com/html/Information/platformInfor/CompanyIntro.html,数据验证通过
