2018-09-03 17:53:17 INFO: Start to select browser name from properties file
2018-09-03 17:53:17 INFO: Your had select test browser type is: Chrome
2018-09-03 17:53:17 INFO: The test server URL is: https://www.longjubank.com
2018-09-03 17:53:21 INFO: Loading and opening Chrome ...
2018-09-03 17:53:22 INFO: Open URL: https://www.longjubank.com
2018-09-03 17:53:22 INFO: Wait for 5 seconds.
2018-09-03 17:53:23 INFO: 当前页面Url:https://www.longjubank.com/
2018-09-03 17:53:23 ERROR: https://stat.longjubank.com/html/Information/platformInfor/CompanyIntro.html,当前文字或URL不正确
2018-09-03 17:53:28 ERROR: no such element: Unable to locate element: {"method":"link text","selector":"荣誉资质"}
  (Session info: chrome=68.0.3440.106)
  (Driver info: chromedriver=2.37.544315 (730aa6a5fdba159ac9f4c1e8cbc59bf1b5ce12b7),platform=Windows NT 10.0.16299 x86_64) (WARNING: The server did not provide any stacktrace information)
Command duration or timeout: 0 milliseconds
For documentation on this error, please visit: http://seleniumhq.org/exceptions/no_such_element.html
Build info: version: '3.14.0', revision: 'aacccce0', time: '2018-08-02T20:19:58.91Z'
System info: host: 'MALETOOS', ip: '192.168.30.217', os.name: 'Windows 10', os.arch: 'x86', os.version: '10.0', java.version: '1.8.0_111'
Driver info: org.openqa.selenium.chrome.ChromeDriver
Capabilities {acceptInsecureCerts: false, acceptSslCerts: false, applicationCacheEnabled: false, browserConnectionEnabled: false, browserName: chrome, chrome: {chromedriverVersion: 2.37.544315 (730aa6a5fdba15..., userDataDir: C:\Users\Shanzw\AppData\Loc...}, cssSelectorsEnabled: true, databaseEnabled: false, handlesAlerts: true, hasTouchScreen: false, javascriptEnabled: true, locationContextEnabled: true, mobileEmulationEnabled: false, nativeEvents: true, networkConnectionEnabled: false, pageLoadStrategy: normal, platform: XP, platformName: XP, rotatable: false, setWindowRect: true, takesHeapSnapshot: true, takesScreenshot: true, unexpectedAlertBehaviour: , unhandledPromptBehavior: , version: 68.0.3440.106, webStorageEnabled: true}
Session ID: d8f82b0f931242948e518afe5f325e56
*** Element info: {Using=link text, value=荣誉资质}.
2018-09-03 17:53:28 INFO: 进入荣誉资质并验证是否正确
2018-09-03 17:53:28 INFO: 当前页面Url:https://www.longjubank.com/
2018-09-03 17:53:28 ERROR: https://stat.longjubank.com/html/Information/platformInfor/honor.html,当前文字或URL不正确
2018-09-03 17:53:33 ERROR: no such element: Unable to locate element: {"method":"link text","selector":"公司简介"}
  (Session info: chrome=68.0.3440.106)
  (Driver info: chromedriver=2.37.544315 (730aa6a5fdba159ac9f4c1e8cbc59bf1b5ce12b7),platform=Windows NT 10.0.16299 x86_64) (WARNING: The server did not provide any stacktrace information)
Command duration or timeout: 0 milliseconds
For documentation on this error, please visit: http://seleniumhq.org/exceptions/no_such_element.html
Build info: version: '3.14.0', revision: 'aacccce0', time: '2018-08-02T20:19:58.91Z'
System info: host: 'MALETOOS', ip: '192.168.30.217', os.name: 'Windows 10', os.arch: 'x86', os.version: '10.0', java.version: '1.8.0_111'
Driver info: org.openqa.selenium.chrome.ChromeDriver
Capabilities {acceptInsecureCerts: false, acceptSslCerts: false, applicationCacheEnabled: false, browserConnectionEnabled: false, browserName: chrome, chrome: {chromedriverVersion: 2.37.544315 (730aa6a5fdba15..., userDataDir: C:\Users\Shanzw\AppData\Loc...}, cssSelectorsEnabled: true, databaseEnabled: false, handlesAlerts: true, hasTouchScreen: false, javascriptEnabled: true, locationContextEnabled: true, mobileEmulationEnabled: false, nativeEvents: true, networkConnectionEnabled: false, pageLoadStrategy: normal, platform: XP, platformName: XP, rotatable: false, setWindowRect: true, takesHeapSnapshot: true, takesScreenshot: true, unexpectedAlertBehaviour: , unhandledPromptBehavior: , version: 68.0.3440.106, webStorageEnabled: true}
Session ID: d8f82b0f931242948e518afe5f325e56
*** Element info: {Using=link text, value=公司简介}.
2018-09-03 17:53:33 INFO: 进入公司简介并验证是否正确
2018-09-03 17:53:33 INFO: 当前页面Url:https://www.longjubank.com/
2018-09-03 17:53:33 ERROR: https://stat.longjubank.com/html/Information/platformInfor/CompanyIntro.html,当前文字或URL不正确
2018-09-03 17:53:33 INFO: 进入龙驹带首页...
2018-09-03 17:53:33 INFO: [[ChromeDriver: chrome on XP (d8f82b0f931242948e518afe5f325e56)] -> xpath: /html/body/div[2]/ul/li[2]/a]元素在当前页面显示.
2018-09-03 17:53:39 INFO: 点击页面元素:Proxy element for: DefaultElementLocator 'By.xpath: /html/body/div[2]/ul/li[2]/a'
2018-09-03 17:53:39 INFO: 进入信息披露页面...
